{"C:\\Users\\niyof\\WebstormProjects\\mybrand-faustin-backend\\src\\app.js": {"path":"C:\\Users\\niyof\\WebstormProjects\\mybrand-faustin-backend\\src\\app.js","statementMap":{"0":{"start":{"line":10,"column":0},"end":{"line":10,"column":35}},"1":{"start":{"line":13,"column":0},"end":{"line":13,"column":16}},"2":{"start":{"line":16,"column":12},"end":{"line":16,"column":21}},"3":{"start":{"line":19,"column":0},"end":{"line":19,"column":16}},"4":{"start":{"line":20,"column":0},"end":{"line":20,"column":27}},"5":{"start":{"line":22,"column":0},"end":{"line":22,"column":24}},"6":{"start":{"line":23,"column":0},"end":{"line":23,"column":48}},"7":{"start":{"line":24,"column":0},"end":{"line":24,"column":24}},"8":{"start":{"line":27,"column":0},"end":{"line":31,"column":3}},"9":{"start":{"line":28,"column":4},"end":{"line":30,"column":5}},"10":{"start":{"line":34,"column":0},"end":{"line":34,"column":35}},"11":{"start":{"line":35,"column":10},"end":{"line":35,"column":14}},"12":{"start":{"line":36,"column":0},"end":{"line":46,"column":1}},"13":{"start":{"line":37,"column":1},"end":{"line":40,"column":7}},"14":{"start":{"line":42,"column":2},"end":{"line":45,"column":7}},"15":{"start":{"line":48,"column":0},"end":{"line":50,"column":1}},"16":{"start":{"line":49,"column":4},"end":{"line":49,"column":46}},"17":{"start":{"line":52,"column":0},"end":{"line":52,"column":31}}},"fnMap":{"0":{"name":"(anonymous_0)","decl":{"start":{"line":27,"column":13},"end":{"line":27,"column":14}},"loc":{"start":{"line":27,"column":27},"end":{"line":31,"column":1}},"line":27}},"branchMap":{"0":{"loc":{"start":{"line":36,"column":0},"end":{"line":46,"column":1}},"type":"if","locations":[{"start":{"line":36,"column":0},"end":{"line":46,"column":1}},{"start":{"line":41,"column":6},"end":{"line":46,"column":1}}],"line":36},"1":{"loc":{"start":{"line":48,"column":0},"end":{"line":50,"column":1}},"type":"if","locations":[{"start":{"line":48,"column":0},"end":{"line":50,"column":1}},{"start":{},"end":{}}],"line":48}},"s":{"0":1,"1":1,"2":1,"3":1,"4":1,"5":1,"6":1,"7":1,"8":1,"9":0,"10":1,"11":1,"12":1,"13":1,"14":0,"15":1,"16":1,"17":1},"f":{"0":0},"b":{"0":[1,0],"1":[1,0]},"_coverageSchema":"1a1c01bbd47fc00a2c39e90264f33305004495a9","hash":"54c2bd615d18cf066b9ae8f345fe4bb908f30b43"}
,"C:\\Users\\niyof\\WebstormProjects\\mybrand-faustin-backend\\src\\controllers\\blogController.js": {"path":"C:\\Users\\niyof\\WebstormProjects\\mybrand-faustin-backend\\src\\controllers\\blogController.js","statementMap":{"0":{"start":{"line":7,"column":4},"end":{"line":16,"column":5}},"1":{"start":{"line":8,"column":20},"end":{"line":8,"column":37}},"2":{"start":{"line":9,"column":6},"end":{"line":11,"column":9}},"3":{"start":{"line":13,"column":29},"end":{"line":13,"column":42}},"4":{"start":{"line":14,"column":21},"end":{"line":14,"column":24}},"5":{"start":{"line":15,"column":6},"end":{"line":15,"column":45}},"6":{"start":{"line":21,"column":4},"end":{"line":38,"column":5}},"7":{"start":{"line":22,"column":21},"end":{"line":22,"column":31}},"8":{"start":{"line":23,"column":19},"end":{"line":23,"column":50}},"9":{"start":{"line":24,"column":6},"end":{"line":32,"column":7}},"10":{"start":{"line":25,"column":8},"end":{"line":27,"column":11}},"11":{"start":{"line":29,"column":8},"end":{"line":31,"column":11}},"12":{"start":{"line":34,"column":6},"end":{"line":34,"column":33}},"13":{"start":{"line":35,"column":29},"end":{"line":35,"column":42}},"14":{"start":{"line":36,"column":21},"end":{"line":36,"column":24}},"15":{"start":{"line":37,"column":6},"end":{"line":37,"column":45}},"16":{"start":{"line":42,"column":4},"end":{"line":42,"column":20}},"17":{"start":{"line":43,"column":4},"end":{"line":54,"column":5}},"18":{"start":{"line":44,"column":40},"end":{"line":44,"column":48}},"19":{"start":{"line":45,"column":22},"end":{"line":45,"column":65}},"20":{"start":{"line":46,"column":6},"end":{"line":49,"column":9}},"21":{"start":{"line":51,"column":29},"end":{"line":51,"column":42}},"22":{"start":{"line":52,"column":21},"end":{"line":52,"column":24}},"23":{"start":{"line":53,"column":6},"end":{"line":53,"column":45}},"24":{"start":{"line":59,"column":4},"end":{"line":85,"column":5}},"25":{"start":{"line":60,"column":21},"end":{"line":60,"column":31}},"26":{"start":{"line":63,"column":39},"end":{"line":63,"column":47}},"27":{"start":{"line":66,"column":18},"end":{"line":66,"column":20}},"28":{"start":{"line":67,"column":26},"end":{"line":67,"column":101}},"29":{"start":{"line":69,"column":6},"end":{"line":79,"column":7}},"30":{"start":{"line":70,"column":8},"end":{"line":72,"column":11}},"31":{"start":{"line":75,"column":8},"end":{"line":78,"column":11}},"32":{"start":{"line":82,"column":29},"end":{"line":82,"column":42}},"33":{"start":{"line":83,"column":21},"end":{"line":83,"column":24}},"34":{"start":{"line":84,"column":6},"end":{"line":84,"column":45}},"35":{"start":{"line":90,"column":4},"end":{"line":111,"column":5}},"36":{"start":{"line":91,"column":21},"end":{"line":91,"column":31}},"37":{"start":{"line":94,"column":18},"end":{"line":94,"column":20}},"38":{"start":{"line":96,"column":30},"end":{"line":96,"column":63}},"39":{"start":{"line":98,"column":6},"end":{"line":106,"column":7}},"40":{"start":{"line":99,"column":8},"end":{"line":101,"column":11}},"41":{"start":{"line":103,"column":8},"end":{"line":105,"column":11}},"42":{"start":{"line":108,"column":29},"end":{"line":108,"column":42}},"43":{"start":{"line":109,"column":21},"end":{"line":109,"column":24}},"44":{"start":{"line":110,"column":6},"end":{"line":110,"column":45}}},"fnMap":{"0":{"name":"(anonymous_0)","decl":{"start":{"line":6,"column":2},"end":{"line":6,"column":3}},"loc":{"start":{"line":6,"column":34},"end":{"line":17,"column":3}},"line":6},"1":{"name":"(anonymous_1)","decl":{"start":{"line":20,"column":2},"end":{"line":20,"column":3}},"loc":{"start":{"line":20,"column":33},"end":{"line":39,"column":3}},"line":20},"2":{"name":"(anonymous_2)","decl":{"start":{"line":41,"column":2},"end":{"line":41,"column":3}},"loc":{"start":{"line":41,"column":36},"end":{"line":55,"column":3}},"line":41},"3":{"name":"(anonymous_3)","decl":{"start":{"line":58,"column":2},"end":{"line":58,"column":3}},"loc":{"start":{"line":58,"column":36},"end":{"line":86,"column":3}},"line":58},"4":{"name":"(anonymous_4)","decl":{"start":{"line":89,"column":2},"end":{"line":89,"column":3}},"loc":{"start":{"line":89,"column":36},"end":{"line":112,"column":3}},"line":89}},"branchMap":{"0":{"loc":{"start":{"line":24,"column":6},"end":{"line":32,"column":7}},"type":"if","locations":[{"start":{"line":24,"column":6},"end":{"line":32,"column":7}},{"start":{"line":28,"column":13},"end":{"line":32,"column":7}}],"line":24},"1":{"loc":{"start":{"line":69,"column":6},"end":{"line":79,"column":7}},"type":"if","locations":[{"start":{"line":69,"column":6},"end":{"line":79,"column":7}},{"start":{"line":73,"column":13},"end":{"line":79,"column":7}}],"line":69},"2":{"loc":{"start":{"line":98,"column":6},"end":{"line":106,"column":7}},"type":"if","locations":[{"start":{"line":98,"column":6},"end":{"line":106,"column":7}},{"start":{"line":102,"column":13},"end":{"line":106,"column":7}}],"line":98}},"s":{"0":1,"1":1,"2":1,"3":0,"4":0,"5":0,"6":0,"7":0,"8":0,"9":0,"10":0,"11":0,"12":0,"13":0,"14":0,"15":0,"16":1,"17":1,"18":1,"19":1,"20":1,"21":0,"22":0,"23":0,"24":1,"25":1,"26":1,"27":1,"28":1,"29":1,"30":0,"31":1,"32":0,"33":0,"34":0,"35":1,"36":1,"37":1,"38":1,"39":1,"40":0,"41":1,"42":0,"43":0,"44":0},"f":{"0":1,"1":0,"2":1,"3":1,"4":1},"b":{"0":[0,0],"1":[0,1],"2":[0,1]},"_coverageSchema":"1a1c01bbd47fc00a2c39e90264f33305004495a9","hash":"e68c694b1678238ef74f7a6ed748375b6ba1fe4e"}
,"C:\\Users\\niyof\\WebstormProjects\\mybrand-faustin-backend\\src\\controllers\\draftblogController.js": {"path":"C:\\Users\\niyof\\WebstormProjects\\mybrand-faustin-backend\\src\\controllers\\draftblogController.js","statementMap":{"0":{"start":{"line":9,"column":8},"end":{"line":18,"column":9}},"1":{"start":{"line":10,"column":31},"end":{"line":10,"column":49}},"2":{"start":{"line":11,"column":12},"end":{"line":13,"column":15}},"3":{"start":{"line":15,"column":35},"end":{"line":15,"column":48}},"4":{"start":{"line":16,"column":27},"end":{"line":16,"column":30}},"5":{"start":{"line":17,"column":12},"end":{"line":17,"column":51}},"6":{"start":{"line":22,"column":8},"end":{"line":39,"column":9}},"7":{"start":{"line":23,"column":27},"end":{"line":23,"column":37}},"8":{"start":{"line":24,"column":33},"end":{"line":24,"column":65}},"9":{"start":{"line":25,"column":12},"end":{"line":33,"column":13}},"10":{"start":{"line":26,"column":16},"end":{"line":28,"column":19}},"11":{"start":{"line":30,"column":16},"end":{"line":32,"column":19}},"12":{"start":{"line":35,"column":12},"end":{"line":35,"column":39}},"13":{"start":{"line":36,"column":35},"end":{"line":36,"column":48}},"14":{"start":{"line":37,"column":27},"end":{"line":37,"column":30}},"15":{"start":{"line":38,"column":12},"end":{"line":38,"column":51}},"16":{"start":{"line":43,"column":8},"end":{"line":54,"column":9}},"17":{"start":{"line":44,"column":46},"end":{"line":44,"column":54}},"18":{"start":{"line":45,"column":29},"end":{"line":45,"column":73}},"19":{"start":{"line":46,"column":12},"end":{"line":49,"column":15}},"20":{"start":{"line":51,"column":35},"end":{"line":51,"column":48}},"21":{"start":{"line":52,"column":27},"end":{"line":52,"column":30}},"22":{"start":{"line":53,"column":12},"end":{"line":53,"column":51}},"23":{"start":{"line":59,"column":8},"end":{"line":85,"column":9}},"24":{"start":{"line":60,"column":27},"end":{"line":60,"column":37}},"25":{"start":{"line":63,"column":45},"end":{"line":63,"column":53}},"26":{"start":{"line":66,"column":24},"end":{"line":66,"column":26}},"27":{"start":{"line":67,"column":33},"end":{"line":67,"column":109}},"28":{"start":{"line":69,"column":12},"end":{"line":79,"column":13}},"29":{"start":{"line":70,"column":16},"end":{"line":72,"column":19}},"30":{"start":{"line":75,"column":16},"end":{"line":78,"column":19}},"31":{"start":{"line":82,"column":35},"end":{"line":82,"column":48}},"32":{"start":{"line":83,"column":27},"end":{"line":83,"column":30}},"33":{"start":{"line":84,"column":12},"end":{"line":84,"column":51}},"34":{"start":{"line":90,"column":8},"end":{"line":111,"column":9}},"35":{"start":{"line":91,"column":27},"end":{"line":91,"column":37}},"36":{"start":{"line":94,"column":24},"end":{"line":94,"column":26}},"37":{"start":{"line":96,"column":37},"end":{"line":96,"column":71}},"38":{"start":{"line":98,"column":12},"end":{"line":106,"column":13}},"39":{"start":{"line":99,"column":16},"end":{"line":101,"column":19}},"40":{"start":{"line":103,"column":16},"end":{"line":105,"column":19}},"41":{"start":{"line":108,"column":35},"end":{"line":108,"column":48}},"42":{"start":{"line":109,"column":27},"end":{"line":109,"column":30}},"43":{"start":{"line":110,"column":12},"end":{"line":110,"column":51}}},"fnMap":{"0":{"name":"(anonymous_0)","decl":{"start":{"line":8,"column":4},"end":{"line":8,"column":5}},"loc":{"start":{"line":8,"column":41},"end":{"line":19,"column":5}},"line":8},"1":{"name":"(anonymous_1)","decl":{"start":{"line":21,"column":4},"end":{"line":21,"column":5}},"loc":{"start":{"line":21,"column":43},"end":{"line":40,"column":5}},"line":21},"2":{"name":"(anonymous_2)","decl":{"start":{"line":42,"column":4},"end":{"line":42,"column":5}},"loc":{"start":{"line":42,"column":43},"end":{"line":55,"column":5}},"line":42},"3":{"name":"(anonymous_3)","decl":{"start":{"line":58,"column":4},"end":{"line":58,"column":5}},"loc":{"start":{"line":58,"column":43},"end":{"line":86,"column":5}},"line":58},"4":{"name":"(anonymous_4)","decl":{"start":{"line":89,"column":4},"end":{"line":89,"column":5}},"loc":{"start":{"line":89,"column":43},"end":{"line":112,"column":5}},"line":89}},"branchMap":{"0":{"loc":{"start":{"line":25,"column":12},"end":{"line":33,"column":13}},"type":"if","locations":[{"start":{"line":25,"column":12},"end":{"line":33,"column":13}},{"start":{"line":29,"column":19},"end":{"line":33,"column":13}}],"line":25},"1":{"loc":{"start":{"line":69,"column":12},"end":{"line":79,"column":13}},"type":"if","locations":[{"start":{"line":69,"column":12},"end":{"line":79,"column":13}},{"start":{"line":73,"column":19},"end":{"line":79,"column":13}}],"line":69},"2":{"loc":{"start":{"line":98,"column":12},"end":{"line":106,"column":13}},"type":"if","locations":[{"start":{"line":98,"column":12},"end":{"line":106,"column":13}},{"start":{"line":102,"column":19},"end":{"line":106,"column":13}}],"line":98}},"s":{"0":0,"1":0,"2":0,"3":0,"4":0,"5":0,"6":0,"7":0,"8":0,"9":0,"10":0,"11":0,"12":0,"13":0,"14":0,"15":0,"16":0,"17":0,"18":0,"19":0,"20":0,"21":0,"22":0,"23":0,"24":0,"25":0,"26":0,"27":0,"28":0,"29":0,"30":0,"31":0,"32":0,"33":0,"34":0,"35":0,"36":0,"37":0,"38":0,"39":0,"40":0,"41":0,"42":0,"43":0},"f":{"0":0,"1":0,"2":0,"3":0,"4":0},"b":{"0":[0,0],"1":[0,0],"2":[0,0]},"_coverageSchema":"1a1c01bbd47fc00a2c39e90264f33305004495a9","hash":"35bcbc908bd07770a95abcaafc4fab1b50b4e719"}
,"C:\\Users\\niyof\\WebstormProjects\\mybrand-faustin-backend\\src\\controllers\\gettingAllusers.js": {"path":"C:\\Users\\niyof\\WebstormProjects\\mybrand-faustin-backend\\src\\controllers\\gettingAllusers.js","statementMap":{"0":{"start":{"line":4,"column":20},"end":{"line":16,"column":1}},"1":{"start":{"line":5,"column":4},"end":{"line":15,"column":5}},"2":{"start":{"line":6,"column":22},"end":{"line":6,"column":39}},"3":{"start":{"line":7,"column":8},"end":{"line":10,"column":11}},"4":{"start":{"line":12,"column":31},"end":{"line":12,"column":44}},"5":{"start":{"line":13,"column":23},"end":{"line":13,"column":26}},"6":{"start":{"line":14,"column":8},"end":{"line":14,"column":47}}},"fnMap":{"0":{"name":"(anonymous_0)","decl":{"start":{"line":4,"column":20},"end":{"line":4,"column":21}},"loc":{"start":{"line":4,"column":40},"end":{"line":16,"column":1}},"line":4}},"branchMap":{},"s":{"0":1,"1":0,"2":0,"3":0,"4":0,"5":0,"6":0},"f":{"0":0},"b":{},"_coverageSchema":"1a1c01bbd47fc00a2c39e90264f33305004495a9","hash":"e425f43dcca0ac685b59adf81bef718af24f155f"}
,"C:\\Users\\niyof\\WebstormProjects\\mybrand-faustin-backend\\src\\controllers\\loginController.js": {"path":"C:\\Users\\niyof\\WebstormProjects\\mybrand-faustin-backend\\src\\controllers\\loginController.js","statementMap":{"0":{"start":{"line":5,"column":15},"end":{"line":5,"column":24}},"1":{"start":{"line":7,"column":24},"end":{"line":43,"column":1}},"2":{"start":{"line":9,"column":32},"end":{"line":9,"column":40}},"3":{"start":{"line":10,"column":4},"end":{"line":10,"column":33}},"4":{"start":{"line":11,"column":4},"end":{"line":41,"column":5}},"5":{"start":{"line":12,"column":21},"end":{"line":12,"column":50}},"6":{"start":{"line":14,"column":8},"end":{"line":35,"column":9}},"7":{"start":{"line":15,"column":12},"end":{"line":17,"column":15}},"8":{"start":{"line":20,"column":34},"end":{"line":20,"column":79}},"9":{"start":{"line":22,"column":12},"end":{"line":34,"column":13}},"10":{"start":{"line":23,"column":16},"end":{"line":23,"column":100}},"11":{"start":{"line":26,"column":30},"end":{"line":26,"column":64}},"12":{"start":{"line":28,"column":16},"end":{"line":31,"column":19}},"13":{"start":{"line":33,"column":16},"end":{"line":33,"column":83}},"14":{"start":{"line":37,"column":8},"end":{"line":37,"column":27}},"15":{"start":{"line":38,"column":8},"end":{"line":40,"column":11}}},"fnMap":{"0":{"name":"(anonymous_0)","decl":{"start":{"line":7,"column":24},"end":{"line":7,"column":25}},"loc":{"start":{"line":7,"column":44},"end":{"line":43,"column":1}},"line":7}},"branchMap":{"0":{"loc":{"start":{"line":14,"column":8},"end":{"line":35,"column":9}},"type":"if","locations":[{"start":{"line":14,"column":8},"end":{"line":35,"column":9}},{"start":{"line":18,"column":15},"end":{"line":35,"column":9}}],"line":14},"1":{"loc":{"start":{"line":22,"column":12},"end":{"line":34,"column":13}},"type":"if","locations":[{"start":{"line":22,"column":12},"end":{"line":34,"column":13}},{"start":{"line":24,"column":19},"end":{"line":34,"column":13}}],"line":22}},"s":{"0":1,"1":1,"2":2,"3":2,"4":2,"5":2,"6":2,"7":1,"8":1,"9":1,"10":0,"11":1,"12":1,"13":1,"14":0,"15":0},"f":{"0":2},"b":{"0":[1,1],"1":[0,1]},"_coverageSchema":"1a1c01bbd47fc00a2c39e90264f33305004495a9","hash":"892cbf14cdcd1a5577e844e054022bb781a39b4f"}
,"C:\\Users\\niyof\\WebstormProjects\\mybrand-faustin-backend\\src\\controllers\\logoutController.js": {"path":"C:\\Users\\niyof\\WebstormProjects\\mybrand-faustin-backend\\src\\controllers\\logoutController.js","statementMap":{"0":{"start":{"line":1,"column":25},"end":{"line":4,"column":1}},"1":{"start":{"line":2,"column":4},"end":{"line":2,"column":29}},"2":{"start":{"line":3,"column":4},"end":{"line":3,"column":72}}},"fnMap":{"0":{"name":"(anonymous_0)","decl":{"start":{"line":1,"column":25},"end":{"line":1,"column":26}},"loc":{"start":{"line":1,"column":39},"end":{"line":4,"column":1}},"line":1}},"branchMap":{},"s":{"0":1,"1":0,"2":0},"f":{"0":0},"b":{},"_coverageSchema":"1a1c01bbd47fc00a2c39e90264f33305004495a9","hash":"d3a9184f6ce3a5875962193d2f3da2919bbcb8b2"}
,"C:\\Users\\niyof\\WebstormProjects\\mybrand-faustin-backend\\src\\controllers\\messageController.js": {"path":"C:\\Users\\niyof\\WebstormProjects\\mybrand-faustin-backend\\src\\controllers\\messageController.js","statementMap":{"0":{"start":{"line":8,"column":8},"end":{"line":17,"column":9}},"1":{"start":{"line":9,"column":28},"end":{"line":9,"column":48}},"2":{"start":{"line":10,"column":12},"end":{"line":12,"column":15}},"3":{"start":{"line":14,"column":35},"end":{"line":14,"column":48}},"4":{"start":{"line":15,"column":27},"end":{"line":15,"column":30}},"5":{"start":{"line":16,"column":12},"end":{"line":16,"column":51}},"6":{"start":{"line":22,"column":8},"end":{"line":39,"column":9}},"7":{"start":{"line":23,"column":27},"end":{"line":23,"column":37}},"8":{"start":{"line":24,"column":28},"end":{"line":24,"column":62}},"9":{"start":{"line":25,"column":12},"end":{"line":33,"column":13}},"10":{"start":{"line":26,"column":16},"end":{"line":28,"column":19}},"11":{"start":{"line":30,"column":16},"end":{"line":32,"column":19}},"12":{"start":{"line":35,"column":12},"end":{"line":35,"column":39}},"13":{"start":{"line":36,"column":35},"end":{"line":36,"column":48}},"14":{"start":{"line":37,"column":27},"end":{"line":37,"column":30}},"15":{"start":{"line":38,"column":12},"end":{"line":38,"column":51}},"16":{"start":{"line":43,"column":8},"end":{"line":54,"column":9}},"17":{"start":{"line":44,"column":49},"end":{"line":44,"column":57}},"18":{"start":{"line":45,"column":31},"end":{"line":45,"column":80}},"19":{"start":{"line":46,"column":12},"end":{"line":49,"column":15}},"20":{"start":{"line":51,"column":35},"end":{"line":51,"column":48}},"21":{"start":{"line":52,"column":27},"end":{"line":52,"column":30}},"22":{"start":{"line":53,"column":12},"end":{"line":53,"column":51}},"23":{"start":{"line":59,"column":8},"end":{"line":80,"column":9}},"24":{"start":{"line":60,"column":27},"end":{"line":60,"column":37}},"25":{"start":{"line":63,"column":24},"end":{"line":63,"column":26}},"26":{"start":{"line":65,"column":39},"end":{"line":65,"column":75}},"27":{"start":{"line":67,"column":12},"end":{"line":75,"column":13}},"28":{"start":{"line":68,"column":16},"end":{"line":70,"column":19}},"29":{"start":{"line":72,"column":16},"end":{"line":74,"column":19}},"30":{"start":{"line":77,"column":35},"end":{"line":77,"column":48}},"31":{"start":{"line":78,"column":27},"end":{"line":78,"column":30}},"32":{"start":{"line":79,"column":12},"end":{"line":79,"column":51}}},"fnMap":{"0":{"name":"(anonymous_0)","decl":{"start":{"line":7,"column":4},"end":{"line":7,"column":5}},"loc":{"start":{"line":7,"column":38},"end":{"line":18,"column":5}},"line":7},"1":{"name":"(anonymous_1)","decl":{"start":{"line":21,"column":4},"end":{"line":21,"column":5}},"loc":{"start":{"line":21,"column":41},"end":{"line":40,"column":5}},"line":21},"2":{"name":"(anonymous_2)","decl":{"start":{"line":42,"column":4},"end":{"line":42,"column":5}},"loc":{"start":{"line":42,"column":39},"end":{"line":55,"column":5}},"line":42},"3":{"name":"(anonymous_3)","decl":{"start":{"line":58,"column":4},"end":{"line":58,"column":5}},"loc":{"start":{"line":58,"column":41},"end":{"line":81,"column":5}},"line":58}},"branchMap":{"0":{"loc":{"start":{"line":25,"column":12},"end":{"line":33,"column":13}},"type":"if","locations":[{"start":{"line":25,"column":12},"end":{"line":33,"column":13}},{"start":{"line":29,"column":19},"end":{"line":33,"column":13}}],"line":25},"1":{"loc":{"start":{"line":67,"column":12},"end":{"line":75,"column":13}},"type":"if","locations":[{"start":{"line":67,"column":12},"end":{"line":75,"column":13}},{"start":{"line":71,"column":19},"end":{"line":75,"column":13}}],"line":67}},"s":{"0":1,"1":1,"2":1,"3":0,"4":0,"5":0,"6":0,"7":0,"8":0,"9":0,"10":0,"11":0,"12":0,"13":0,"14":0,"15":0,"16":1,"17":1,"18":1,"19":0,"20":1,"21":1,"22":1,"23":0,"24":0,"25":0,"26":0,"27":0,"28":0,"29":0,"30":0,"31":0,"32":0},"f":{"0":1,"1":0,"2":1,"3":0},"b":{"0":[0,0],"1":[0,0]},"_coverageSchema":"1a1c01bbd47fc00a2c39e90264f33305004495a9","hash":"02e1ad217684c2385ea6143625a5a80e4c6a4135"}
,"C:\\Users\\niyof\\WebstormProjects\\mybrand-faustin-backend\\src\\controllers\\signupController.js": {"path":"C:\\Users\\niyof\\WebstormProjects\\mybrand-faustin-backend\\src\\controllers\\signupController.js","statementMap":{"0":{"start":{"line":5,"column":25},"end":{"line":23,"column":1}},"1":{"start":{"line":6,"column":51},"end":{"line":6,"column":59}},"2":{"start":{"line":7,"column":2},"end":{"line":21,"column":3}},"3":{"start":{"line":9,"column":27},"end":{"line":9,"column":58}},"4":{"start":{"line":12,"column":20},"end":{"line":12,"column":95}},"5":{"start":{"line":13,"column":4},"end":{"line":16,"column":7}},"6":{"start":{"line":18,"column":27},"end":{"line":18,"column":40}},"7":{"start":{"line":19,"column":19},"end":{"line":19,"column":22}},"8":{"start":{"line":20,"column":4},"end":{"line":20,"column":43}}},"fnMap":{"0":{"name":"(anonymous_0)","decl":{"start":{"line":5,"column":25},"end":{"line":5,"column":26}},"loc":{"start":{"line":5,"column":45},"end":{"line":23,"column":1}},"line":5}},"branchMap":{},"s":{"0":1,"1":1,"2":1,"3":1,"4":1,"5":0,"6":1,"7":1,"8":1},"f":{"0":1},"b":{},"_coverageSchema":"1a1c01bbd47fc00a2c39e90264f33305004495a9","hash":"9ba5b2e5e377a6f53e822823b5a61dfe2659b4bf"}
,"C:\\Users\\niyof\\WebstormProjects\\mybrand-faustin-backend\\src\\middleware\\authMiddleware.js": {"path":"C:\\Users\\niyof\\WebstormProjects\\mybrand-faustin-backend\\src\\middleware\\authMiddleware.js","statementMap":{"0":{"start":{"line":4,"column":15},"end":{"line":4,"column":24}},"1":{"start":{"line":6,"column":23},"end":{"line":32,"column":1}},"2":{"start":{"line":7,"column":18},"end":{"line":7,"column":35}},"3":{"start":{"line":8,"column":4},"end":{"line":12,"column":5}},"4":{"start":{"line":9,"column":8},"end":{"line":11,"column":11}},"5":{"start":{"line":14,"column":4},"end":{"line":31,"column":5}},"6":{"start":{"line":15,"column":24},"end":{"line":15,"column":49}},"7":{"start":{"line":16,"column":21},"end":{"line":16,"column":52}},"8":{"start":{"line":18,"column":8},"end":{"line":22,"column":9}},"9":{"start":{"line":19,"column":12},"end":{"line":21,"column":15}},"10":{"start":{"line":24,"column":8},"end":{"line":24,"column":24}},"11":{"start":{"line":25,"column":8},"end":{"line":25,"column":15}},"12":{"start":{"line":27,"column":8},"end":{"line":27,"column":27}},"13":{"start":{"line":28,"column":8},"end":{"line":30,"column":11}}},"fnMap":{"0":{"name":"(anonymous_0)","decl":{"start":{"line":6,"column":23},"end":{"line":6,"column":24}},"loc":{"start":{"line":6,"column":49},"end":{"line":32,"column":1}},"line":6}},"branchMap":{"0":{"loc":{"start":{"line":8,"column":4},"end":{"line":12,"column":5}},"type":"if","locations":[{"start":{"line":8,"column":4},"end":{"line":12,"column":5}},{"start":{},"end":{}}],"line":8},"1":{"loc":{"start":{"line":18,"column":8},"end":{"line":22,"column":9}},"type":"if","locations":[{"start":{"line":18,"column":8},"end":{"line":22,"column":9}},{"start":{},"end":{}}],"line":18}},"s":{"0":1,"1":1,"2":5,"3":5,"4":1,"5":4,"6":4,"7":4,"8":4,"9":0,"10":4,"11":4,"12":0,"13":0},"f":{"0":5},"b":{"0":[1,4],"1":[0,4]},"_coverageSchema":"1a1c01bbd47fc00a2c39e90264f33305004495a9","hash":"391f8c872ea86ff28a1f6008dda5a981cb837949"}
,"C:\\Users\\niyof\\WebstormProjects\\mybrand-faustin-backend\\src\\model\\blog.js": {"path":"C:\\Users\\niyof\\WebstormProjects\\mybrand-faustin-backend\\src\\model\\blog.js","statementMap":{"0":{"start":{"line":3,"column":19},"end":{"line":21,"column":2}},"1":{"start":{"line":23,"column":13},"end":{"line":23,"column":47}}},"fnMap":{},"branchMap":{},"s":{"0":1,"1":1},"f":{},"b":{},"_coverageSchema":"1a1c01bbd47fc00a2c39e90264f33305004495a9","hash":"09283e2fa59dd1a05eee7923536b68efec28b264"}
,"C:\\Users\\niyof\\WebstormProjects\\mybrand-faustin-backend\\src\\model\\draftblog.js": {"path":"C:\\Users\\niyof\\WebstormProjects\\mybrand-faustin-backend\\src\\model\\draftblog.js","statementMap":{"0":{"start":{"line":3,"column":20},"end":{"line":21,"column":2}},"1":{"start":{"line":23,"column":14},"end":{"line":23,"column":50}}},"fnMap":{},"branchMap":{},"s":{"0":1,"1":1},"f":{},"b":{},"_coverageSchema":"1a1c01bbd47fc00a2c39e90264f33305004495a9","hash":"adca73eff74cd95663150f689877533f81a969f2"}
,"C:\\Users\\niyof\\WebstormProjects\\mybrand-faustin-backend\\src\\model\\message.js": {"path":"C:\\Users\\niyof\\WebstormProjects\\mybrand-faustin-backend\\src\\model\\message.js","statementMap":{"0":{"start":{"line":3,"column":22},"end":{"line":23,"column":2}},"1":{"start":{"line":26,"column":16},"end":{"line":26,"column":56}}},"fnMap":{},"branchMap":{},"s":{"0":1,"1":1},"f":{},"b":{},"_coverageSchema":"1a1c01bbd47fc00a2c39e90264f33305004495a9","hash":"d4b92c3b98170c78378ff547871041fd2dad627b"}
,"C:\\Users\\niyof\\WebstormProjects\\mybrand-faustin-backend\\src\\model\\user.js": {"path":"C:\\Users\\niyof\\WebstormProjects\\mybrand-faustin-backend\\src\\model\\user.js","statementMap":{"0":{"start":{"line":4,"column":19},"end":{"line":28,"column":2}},"1":{"start":{"line":31,"column":0},"end":{"line":34,"column":1}},"2":{"start":{"line":32,"column":16},"end":{"line":32,"column":61}},"3":{"start":{"line":33,"column":2},"end":{"line":33,"column":14}},"4":{"start":{"line":37,"column":13},"end":{"line":37,"column":47}}},"fnMap":{"0":{"name":"(anonymous_0)","decl":{"start":{"line":31,"column":37},"end":{"line":31,"column":38}},"loc":{"start":{"line":31,"column":63},"end":{"line":34,"column":1}},"line":31}},"branchMap":{},"s":{"0":1,"1":1,"2":0,"3":0,"4":1},"f":{"0":0},"b":{},"_coverageSchema":"1a1c01bbd47fc00a2c39e90264f33305004495a9","hash":"7b8f3ebfa80450427628337d2b10b6793447861d"}
,"C:\\Users\\niyof\\WebstormProjects\\mybrand-faustin-backend\\src\\routes\\allRoutes.js": {"path":"C:\\Users\\niyof\\WebstormProjects\\mybrand-faustin-backend\\src\\routes\\allRoutes.js","statementMap":{"0":{"start":{"line":10,"column":15},"end":{"line":10,"column":31}},"1":{"start":{"line":13,"column":0},"end":{"line":13,"column":31}},"2":{"start":{"line":14,"column":0},"end":{"line":14,"column":34}},"3":{"start":{"line":15,"column":0},"end":{"line":15,"column":35}},"4":{"start":{"line":16,"column":0},"end":{"line":16,"column":32}},"5":{"start":{"line":17,"column":0},"end":{"line":17,"column":35}},"6":{"start":{"line":18,"column":0},"end":{"line":18,"column":34}},"7":{"start":{"line":19,"column":0},"end":{"line":19,"column":33}}},"fnMap":{},"branchMap":{},"s":{"0":1,"1":1,"2":1,"3":1,"4":1,"5":1,"6":1,"7":1},"f":{},"b":{},"_coverageSchema":"1a1c01bbd47fc00a2c39e90264f33305004495a9","hash":"31bb937db1fe25c6c1018bf699e66602b2d40035"}
,"C:\\Users\\niyof\\WebstormProjects\\mybrand-faustin-backend\\src\\routes\\blogRoute.js": {"path":"C:\\Users\\niyof\\WebstormProjects\\mybrand-faustin-backend\\src\\routes\\blogRoute.js","statementMap":{"0":{"start":{"line":5,"column":15},"end":{"line":5,"column":31}},"1":{"start":{"line":7,"column":0},"end":{"line":7,"column":40}},"2":{"start":{"line":8,"column":0},"end":{"line":8,"column":42}},"3":{"start":{"line":9,"column":0},"end":{"line":9,"column":59}},"4":{"start":{"line":10,"column":0},"end":{"line":10,"column":61}},"5":{"start":{"line":11,"column":0},"end":{"line":11,"column":64}}},"fnMap":{},"branchMap":{},"s":{"0":1,"1":1,"2":1,"3":1,"4":1,"5":1},"f":{},"b":{},"_coverageSchema":"1a1c01bbd47fc00a2c39e90264f33305004495a9","hash":"c11a20f68ea90948f535c4198f6ed7db459e0658"}
,"C:\\Users\\niyof\\WebstormProjects\\mybrand-faustin-backend\\src\\routes\\draftblogRoute.js": {"path":"C:\\Users\\niyof\\WebstormProjects\\mybrand-faustin-backend\\src\\routes\\draftblogRoute.js","statementMap":{"0":{"start":{"line":4,"column":15},"end":{"line":4,"column":31}},"1":{"start":{"line":6,"column":0},"end":{"line":6,"column":46}},"2":{"start":{"line":7,"column":0},"end":{"line":7,"column":50}},"3":{"start":{"line":8,"column":0},"end":{"line":8,"column":48}},"4":{"start":{"line":9,"column":0},"end":{"line":9,"column":50}},"5":{"start":{"line":10,"column":0},"end":{"line":10,"column":52}},"6":{"start":{"line":11,"column":0},"end":{"line":11,"column":53}}},"fnMap":{},"branchMap":{},"s":{"0":1,"1":1,"2":1,"3":1,"4":1,"5":1,"6":1},"f":{},"b":{},"_coverageSchema":"1a1c01bbd47fc00a2c39e90264f33305004495a9","hash":"88fdf4378ad0640cb2e6849c98aa8f9ffc05c8a7"}
,"C:\\Users\\niyof\\WebstormProjects\\mybrand-faustin-backend\\src\\routes\\getusersRoute.js": {"path":"C:\\Users\\niyof\\WebstormProjects\\mybrand-faustin-backend\\src\\routes\\getusersRoute.js","statementMap":{"0":{"start":{"line":4,"column":15},"end":{"line":4,"column":31}},"1":{"start":{"line":6,"column":0},"end":{"line":6,"column":29}}},"fnMap":{},"branchMap":{},"s":{"0":1,"1":1},"f":{},"b":{},"_coverageSchema":"1a1c01bbd47fc00a2c39e90264f33305004495a9","hash":"87c716a387359d267e53cdf42258b46e766566ac"}
,"C:\\Users\\niyof\\WebstormProjects\\mybrand-faustin-backend\\src\\routes\\loginRoute.js": {"path":"C:\\Users\\niyof\\WebstormProjects\\mybrand-faustin-backend\\src\\routes\\loginRoute.js","statementMap":{"0":{"start":{"line":4,"column":15},"end":{"line":4,"column":31}},"1":{"start":{"line":6,"column":0},"end":{"line":6,"column":34}}},"fnMap":{},"branchMap":{},"s":{"0":1,"1":1},"f":{},"b":{},"_coverageSchema":"1a1c01bbd47fc00a2c39e90264f33305004495a9","hash":"1bde4fb7593abebe4e4002271b8d1fbd94841f9f"}
,"C:\\Users\\niyof\\WebstormProjects\\mybrand-faustin-backend\\src\\routes\\logoutRoute.js": {"path":"C:\\Users\\niyof\\WebstormProjects\\mybrand-faustin-backend\\src\\routes\\logoutRoute.js","statementMap":{"0":{"start":{"line":4,"column":15},"end":{"line":4,"column":31}},"1":{"start":{"line":6,"column":0},"end":{"line":6,"column":25}}},"fnMap":{},"branchMap":{},"s":{"0":1,"1":1},"f":{},"b":{},"_coverageSchema":"1a1c01bbd47fc00a2c39e90264f33305004495a9","hash":"0296285aadf040fd81fa8e07823de4f876227988"}
,"C:\\Users\\niyof\\WebstormProjects\\mybrand-faustin-backend\\src\\routes\\messageRoute.js": {"path":"C:\\Users\\niyof\\WebstormProjects\\mybrand-faustin-backend\\src\\routes\\messageRoute.js","statementMap":{"0":{"start":{"line":7,"column":15},"end":{"line":7,"column":31}},"1":{"start":{"line":9,"column":0},"end":{"line":9,"column":45}},"2":{"start":{"line":10,"column":0},"end":{"line":10,"column":61}},"3":{"start":{"line":11,"column":0},"end":{"line":11,"column":67}},"4":{"start":{"line":12,"column":0},"end":{"line":12,"column":70}}},"fnMap":{},"branchMap":{},"s":{"0":1,"1":1,"2":1,"3":1,"4":1},"f":{},"b":{},"_coverageSchema":"1a1c01bbd47fc00a2c39e90264f33305004495a9","hash":"ecfd02b9699922db3af4b6d17224c440eaf9f7dc"}
,"C:\\Users\\niyof\\WebstormProjects\\mybrand-faustin-backend\\src\\routes\\signupRoute.js": {"path":"C:\\Users\\niyof\\WebstormProjects\\mybrand-faustin-backend\\src\\routes\\signupRoute.js","statementMap":{"0":{"start":{"line":4,"column":15},"end":{"line":4,"column":31}},"1":{"start":{"line":6,"column":0},"end":{"line":6,"column":35}},"2":{"start":{"line":7,"column":0},"end":{"line":7,"column":34}}},"fnMap":{},"branchMap":{},"s":{"0":1,"1":1,"2":1},"f":{},"b":{},"_coverageSchema":"1a1c01bbd47fc00a2c39e90264f33305004495a9","hash":"f7c7a4ecb3fc151eb98e5ffb9588e9a31cb82bd5"}
,"C:\\Users\\niyof\\WebstormProjects\\mybrand-faustin-backend\\src\\utils\\errorFunc.js": {"path":"C:\\Users\\niyof\\WebstormProjects\\mybrand-faustin-backend\\src\\utils\\errorFunc.js","statementMap":{"0":{"start":{"line":1,"column":18},"end":{"line":5,"column":1}},"1":{"start":{"line":2,"column":2},"end":{"line":4,"column":5}}},"fnMap":{"0":{"name":"(anonymous_0)","decl":{"start":{"line":1,"column":18},"end":{"line":1,"column":19}},"loc":{"start":{"line":1,"column":51},"end":{"line":5,"column":1}},"line":1}},"branchMap":{},"s":{"0":1,"1":2},"f":{"0":2},"b":{},"_coverageSchema":"1a1c01bbd47fc00a2c39e90264f33305004495a9","hash":"da4040b3fe19f162843ccd8ef37c96a5697576d2"}
,"C:\\Users\\niyof\\WebstormProjects\\mybrand-faustin-backend\\tests\\blog.mocks\\createBlog.js": {"path":"C:\\Users\\niyof\\WebstormProjects\\mybrand-faustin-backend\\tests\\blog.mocks\\createBlog.js","statementMap":{"0":{"start":{"line":1,"column":25},"end":{"line":5,"column":1}}},"fnMap":{},"branchMap":{},"s":{"0":1},"f":{},"b":{},"_coverageSchema":"1a1c01bbd47fc00a2c39e90264f33305004495a9","hash":"f8f7dd0a2a79d1ce0c733dcf49c24eeff70097d3"}
,"C:\\Users\\niyof\\WebstormProjects\\mybrand-faustin-backend\\tests\\message.mocks\\sendMessage.js": {"path":"C:\\Users\\niyof\\WebstormProjects\\mybrand-faustin-backend\\tests\\message.mocks\\sendMessage.js","statementMap":{"0":{"start":{"line":1,"column":28},"end":{"line":5,"column":1}}},"fnMap":{},"branchMap":{},"s":{"0":1},"f":{},"b":{},"_coverageSchema":"1a1c01bbd47fc00a2c39e90264f33305004495a9","hash":"520d4324931467c802d9ddedca7b8ae76efa4be2"}
,"C:\\Users\\niyof\\WebstormProjects\\mybrand-faustin-backend\\tests\\user.mocks\\userLogin.js": {"path":"C:\\Users\\niyof\\WebstormProjects\\mybrand-faustin-backend\\tests\\user.mocks\\userLogin.js","statementMap":{"0":{"start":{"line":1,"column":36},"end":{"line":4,"column":1}},"1":{"start":{"line":5,"column":36},"end":{"line":8,"column":1}}},"fnMap":{},"branchMap":{},"s":{"0":1,"1":1},"f":{},"b":{},"_coverageSchema":"1a1c01bbd47fc00a2c39e90264f33305004495a9","hash":"aaff04649f80ae5ab02ed85cda9aa7b1621b3c9f"}
,"C:\\Users\\niyof\\WebstormProjects\\mybrand-faustin-backend\\tests\\user.mocks\\userSignup.js": {"path":"C:\\Users\\niyof\\WebstormProjects\\mybrand-faustin-backend\\tests\\user.mocks\\userSignup.js","statementMap":{"0":{"start":{"line":1,"column":25},"end":{"line":6,"column":1}}},"fnMap":{},"branchMap":{},"s":{"0":1},"f":{},"b":{},"_coverageSchema":"1a1c01bbd47fc00a2c39e90264f33305004495a9","hash":"c163d5aa0171fd378d3bedea38ab0a7d32845658"}
}
